  [4;36;1mSQL (0.3ms)[0m   [0;1mSET client_min_messages TO 'panic'[0m
  [4;35;1mSQL (0.2ms)[0m   [0mSET client_min_messages TO 'notice'[0m
  [4;36;1mSQL (3.9ms)[0m   [0;1mCREATE TABLE "schema_migrations" ("version" character varying(255) NOT NULL) [0m
  [4;35;1mSQL (98.6ms)[0m   [0mCREATE UNIQUE INDEX "unique_schema_migrations" ON "schema_migrations" ("version")[0m
  [4;36;1mSQL (1.2ms)[0m   [0;1mSELECT version FROM schema_migrations[0m
Migrating to CreateTrainigUnits (20091121141921)
  [4;35;1mSQL (0.4ms)[0m   [0mBEGIN[0m
  [4;36;1mSQL (152.2ms)[0m   [0;1mCREATE TABLE "trainig_units" ("id" serial primary key, "begin" time, "duration_h" integer, "duration_m" integer, "distance" decimal, "tempo" decimal, "route" text, "created_at" timestamp, "updated_at" timestamp) [0m
  [4;35;1mSQL (1.4ms)[0m   [0mINSERT INTO schema_migrations (version) VALUES ('20091121141921')[0m
  [4;36;1mSQL (1.1ms)[0m   [0;1mCOMMIT[0m
  [4;35;1mSQL (1.2ms)[0m   [0mSELECT version FROM schema_migrations[0m
  [4;36;1mSQL (0.4ms)[0m   [0;1mSET client_min_messages TO 'panic'[0m
  [4;35;1mSQL (0.4ms)[0m   [0mSET client_min_messages TO 'notice'[0m


Processing ApplicationController#index (for 127.0.0.1 at 2009-11-21 15:23:43) [GET]

ActionController::RoutingError (No route matches "/training_unit" with {:method=>:get}):
  

Rendering rescues/layout (not_found)
  [4;36;1mSQL (0.3ms)[0m   [0;1mSET client_min_messages TO 'panic'[0m
  [4;35;1mSQL (0.3ms)[0m   [0mSET client_min_messages TO 'notice'[0m
/!\ FAILSAFE /!\  Sat Nov 21 15:25:11 +0100 2009
  Status: 500 Internal Server Error
  Expected /home/kromms/NetBeansProjects/runr/app/helpers/training_units_helper.rb to define TrainingUnitsHelper
    /usr/lib/ruby/gems/1.8/gems/activesupport-2.3.2/lib/active_support/dependencies.rb:426:in `load_missing_constant'
    /usr/lib/ruby/gems/1.8/gems/activesupport-2.3.2/lib/active_support/dependencies.rb:80:in `const_missing'
    /usr/lib/ruby/gems/1.8/gems/activesupport-2.3.2/lib/active_support/dependencies.rb:92:in `const_missing'
    /usr/lib/ruby/gems/1.8/gems/activesupport-2.3.2/lib/active_support/inflector.rb:361:in `constantize'
    /usr/lib/ruby/gems/1.8/gems/activesupport-2.3.2/lib/active_support/inflector.rb:360:in `each'
    /usr/lib/ruby/gems/1.8/gems/activesupport-2.3.2/lib/active_support/inflector.rb:360:in `constantize'
    /usr/lib/ruby/gems/1.8/gems/activesupport-2.3.2/lib/active_support/core_ext/string/inflections.rb:162:in `constantize'
    /usr/lib/ruby/gems/1.8/gems/actionpack-2.3.2/lib/action_controller/helpers.rb:137:in `helper'
    /usr/lib/ruby/gems/1.8/gems/actionpack-2.3.2/lib/action_controller/helpers.rb:115:in `each'
    /usr/lib/ruby/gems/1.8/gems/actionpack-2.3.2/lib/action_controller/helpers.rb:115:in `helper'
    /usr/lib/ruby/gems/1.8/gems/actionpack-2.3.2/lib/action_controller/helpers.rb:120:in `helper'
    /usr/lib/ruby/gems/1.8/gems/actionpack-2.3.2/lib/action_controller/helpers.rb:115:in `each'
    /usr/lib/ruby/gems/1.8/gems/actionpack-2.3.2/lib/action_controller/helpers.rb:115:in `helper'
    /home/kromms/NetBeansProjects/runr/app/controllers/application_controller.rb:5
    /usr/lib/ruby/gems/1.8/gems/activesupport-2.3.2/lib/active_support/dependencies.rb:380:in `load_without_new_constant_marking'
    /usr/lib/ruby/gems/1.8/gems/activesupport-2.3.2/lib/active_support/dependencies.rb:380:in `load_file'
    /usr/lib/ruby/gems/1.8/gems/activesupport-2.3.2/lib/active_support/dependencies.rb:521:in `new_constants_in'
    /usr/lib/ruby/gems/1.8/gems/activesupport-2.3.2/lib/active_support/dependencies.rb:379:in `load_file'
    /usr/lib/ruby/gems/1.8/gems/activesupport-2.3.2/lib/active_support/dependencies.rb:259:in `require_or_load'
    /usr/lib/ruby/gems/1.8/gems/activesupport-2.3.2/lib/active_support/dependencies.rb:425:in `load_missing_constant'
    /usr/lib/ruby/gems/1.8/gems/activesupport-2.3.2/lib/active_support/dependencies.rb:80:in `const_missing'
    /usr/lib/ruby/gems/1.8/gems/activesupport-2.3.2/lib/active_support/dependencies.rb:92:in `const_missing'
    /usr/lib/ruby/gems/1.8/gems/actionpack-2.3.2/lib/action_controller/dispatcher.rb:90:in `dispatch'
    /usr/lib/ruby/gems/1.8/gems/actionpack-2.3.2/lib/action_controller/dispatcher.rb:111:in `_call'
    /usr/lib/ruby/gems/1.8/gems/actionpack-2.3.2/lib/action_controller/dispatcher.rb:82:in `initialize'
    /usr/lib/ruby/gems/1.8/gems/activerecord-2.3.2/lib/active_record/query_cache.rb:29:in `call'
    /usr/lib/ruby/gems/1.8/gems/activerecord-2.3.2/lib/active_record/query_cache.rb:29:in `call'
    /usr/lib/ruby/gems/1.8/gems/activerecord-2.3.2/lib/active_record/connection_adapters/abstract/query_cache.rb:34:in `cache'
    /usr/lib/ruby/gems/1.8/gems/activerecord-2.3.2/lib/active_record/query_cache.rb:9:in `cache'
    /usr/lib/ruby/gems/1.8/gems/activerecord-2.3.2/lib/active_record/query_cache.rb:28:in `call'
    /usr/lib/ruby/gems/1.8/gems/activerecord-2.3.2/lib/active_record/connection_adapters/abstract/connection_pool.rb:361:in `call'
    /usr/lib/ruby/gems/1.8/gems/actionpack-2.3.2/lib/action_controller/vendor/rack-1.0/rack/head.rb:9:in `call'
    /usr/lib/ruby/gems/1.8/gems/actionpack-2.3.2/lib/action_controller/vendor/rack-1.0/rack/methodoverride.rb:24:in `call'
    /usr/lib/ruby/gems/1.8/gems/actionpack-2.3.2/lib/action_controller/params_parser.rb:15:in `call'
    /usr/lib/ruby/gems/1.8/gems/actionpack-2.3.2/lib/action_controller/rewindable_input.rb:25:in `call'
    /usr/lib/ruby/gems/1.8/gems/actionpack-2.3.2/lib/action_controller/session/cookie_store.rb:93:in `call'
    /usr/lib/ruby/gems/1.8/gems/actionpack-2.3.2/lib/action_controller/reloader.rb:9:in `call'
    /usr/lib/ruby/gems/1.8/gems/actionpack-2.3.2/lib/action_controller/failsafe.rb:11:in `call'
    /usr/lib/ruby/gems/1.8/gems/actionpack-2.3.2/lib/action_controller/vendor/rack-1.0/rack/lock.rb:11:in `call'
    /usr/lib/ruby/gems/1.8/gems/actionpack-2.3.2/lib/action_controller/vendor/rack-1.0/rack/lock.rb:11:in `synchronize'
    /usr/lib/ruby/gems/1.8/gems/actionpack-2.3.2/lib/action_controller/vendor/rack-1.0/rack/lock.rb:11:in `call'
    /usr/lib/ruby/gems/1.8/gems/actionpack-2.3.2/lib/action_controller/dispatcher.rb:106:in `call'
    /usr/lib/ruby/gems/1.8/gems/rails-2.3.2/lib/rails/rack/static.rb:31:in `call'
    /usr/lib/ruby/gems/1.8/gems/actionpack-2.3.2/lib/action_controller/vendor/rack-1.0/rack/urlmap.rb:46:in `call'
    /usr/lib/ruby/gems/1.8/gems/actionpack-2.3.2/lib/action_controller/vendor/rack-1.0/rack/urlmap.rb:40:in `each'
    /usr/lib/ruby/gems/1.8/gems/actionpack-2.3.2/lib/action_controller/vendor/rack-1.0/rack/urlmap.rb:40:in `call'
    /usr/lib/ruby/gems/1.8/gems/rails-2.3.2/lib/rails/rack/log_tailer.rb:17:in `call'
    /usr/lib/ruby/gems/1.8/gems/actionpack-2.3.2/lib/action_controller/vendor/rack-1.0/rack/content_length.rb:13:in `call'
    /usr/lib/ruby/gems/1.8/gems/actionpack-2.3.2/lib/action_controller/vendor/rack-1.0/rack/chunked.rb:15:in `call'
    /usr/lib/ruby/gems/1.8/gems/actionpack-2.3.2/lib/action_controller/vendor/rack-1.0/rack/handler/mongrel.rb:61:in `process'
    /usr/lib/ruby/gems/1.8/gems/mongrel-1.1.5/lib/mongrel.rb:159:in `process_client'
    /usr/lib/ruby/gems/1.8/gems/mongrel-1.1.5/lib/mongrel.rb:158:in `each'
    /usr/lib/ruby/gems/1.8/gems/mongrel-1.1.5/lib/mongrel.rb:158:in `process_client'
    /usr/lib/ruby/gems/1.8/gems/mongrel-1.1.5/lib/mongrel.rb:285:in `run'
    /usr/lib/ruby/gems/1.8/gems/mongrel-1.1.5/lib/mongrel.rb:285:in `initialize'
    /usr/lib/ruby/gems/1.8/gems/mongrel-1.1.5/lib/mongrel.rb:285:in `new'
    /usr/lib/ruby/gems/1.8/gems/mongrel-1.1.5/lib/mongrel.rb:285:in `run'
    /usr/lib/ruby/gems/1.8/gems/mongrel-1.1.5/lib/mongrel.rb:268:in `initialize'
    /usr/lib/ruby/gems/1.8/gems/mongrel-1.1.5/lib/mongrel.rb:268:in `new'
    /usr/lib/ruby/gems/1.8/gems/mongrel-1.1.5/lib/mongrel.rb:268:in `run'
    /usr/lib/ruby/gems/1.8/gems/actionpack-2.3.2/lib/action_controller/vendor/rack-1.0/rack/handler/mongrel.rb:34:in `run'
    /usr/lib/ruby/gems/1.8/gems/rails-2.3.2/lib/commands/server.rb:111
    /usr/local/lib/site_ruby/1.8/rubygems/custom_require.rb:31:in `gem_original_require'
    /usr/local/lib/site_ruby/1.8/rubygems/custom_require.rb:31:in `require'
    script/server:3
  [4;36;1mSQL (0.6ms)[0m   [0;1mSET client_min_messages TO 'panic'[0m
  [4;35;1mSQL (0.2ms)[0m   [0mSET client_min_messages TO 'notice'[0m
/!\ FAILSAFE /!\  Sat Nov 21 15:25:14 +0100 2009
  Status: 500 Internal Server Error
  Expected /home/kromms/NetBeansProjects/runr/app/helpers/training_units_helper.rb to define TrainingUnitsHelper
    /usr/lib/ruby/gems/1.8/gems/activesupport-2.3.2/lib/active_support/dependencies.rb:426:in `load_missing_constant'
    /usr/lib/ruby/gems/1.8/gems/activesupport-2.3.2/lib/active_support/dependencies.rb:80:in `const_missing'
    /usr/lib/ruby/gems/1.8/gems/activesupport-2.3.2/lib/active_support/dependencies.rb:92:in `const_missing'
    /usr/lib/ruby/gems/1.8/gems/activesupport-2.3.2/lib/active_support/inflector.rb:361:in `constantize'
    /usr/lib/ruby/gems/1.8/gems/activesupport-2.3.2/lib/active_support/inflector.rb:360:in `each'
    /usr/lib/ruby/gems/1.8/gems/activesupport-2.3.2/lib/active_support/inflector.rb:360:in `constantize'
    /usr/lib/ruby/gems/1.8/gems/activesupport-2.3.2/lib/active_support/core_ext/string/inflections.rb:162:in `constantize'
    /usr/lib/ruby/gems/1.8/gems/actionpack-2.3.2/lib/action_controller/helpers.rb:137:in `helper'
    /usr/lib/ruby/gems/1.8/gems/actionpack-2.3.2/lib/action_controller/helpers.rb:115:in `each'
    /usr/lib/ruby/gems/1.8/gems/actionpack-2.3.2/lib/action_controller/helpers.rb:115:in `helper'
    /usr/lib/ruby/gems/1.8/gems/actionpack-2.3.2/lib/action_controller/helpers.rb:120:in `helper'
    /usr/lib/ruby/gems/1.8/gems/actionpack-2.3.2/lib/action_controller/helpers.rb:115:in `each'
    /usr/lib/ruby/gems/1.8/gems/actionpack-2.3.2/lib/action_controller/helpers.rb:115:in `helper'
    /home/kromms/NetBeansProjects/runr/app/controllers/application_controller.rb:5
    /usr/lib/ruby/gems/1.8/gems/activesupport-2.3.2/lib/active_support/dependencies.rb:380:in `load_without_new_constant_marking'
    /usr/lib/ruby/gems/1.8/gems/activesupport-2.3.2/lib/active_support/dependencies.rb:380:in `load_file'
    /usr/lib/ruby/gems/1.8/gems/activesupport-2.3.2/lib/active_support/dependencies.rb:521:in `new_constants_in'
    /usr/lib/ruby/gems/1.8/gems/activesupport-2.3.2/lib/active_support/dependencies.rb:379:in `load_file'
    /usr/lib/ruby/gems/1.8/gems/activesupport-2.3.2/lib/active_support/dependencies.rb:259:in `require_or_load'
    /usr/lib/ruby/gems/1.8/gems/activesupport-2.3.2/lib/active_support/dependencies.rb:425:in `load_missing_constant'
    /usr/lib/ruby/gems/1.8/gems/activesupport-2.3.2/lib/active_support/dependencies.rb:80:in `const_missing'
    /usr/lib/ruby/gems/1.8/gems/activesupport-2.3.2/lib/active_support/dependencies.rb:92:in `const_missing'
    /usr/lib/ruby/gems/1.8/gems/actionpack-2.3.2/lib/action_controller/dispatcher.rb:90:in `dispatch'
    /usr/lib/ruby/gems/1.8/gems/actionpack-2.3.2/lib/action_controller/dispatcher.rb:111:in `_call'
    /usr/lib/ruby/gems/1.8/gems/actionpack-2.3.2/lib/action_controller/dispatcher.rb:82:in `initialize'
    /usr/lib/ruby/gems/1.8/gems/activerecord-2.3.2/lib/active_record/query_cache.rb:29:in `call'
    /usr/lib/ruby/gems/1.8/gems/activerecord-2.3.2/lib/active_record/query_cache.rb:29:in `call'
    /usr/lib/ruby/gems/1.8/gems/activerecord-2.3.2/lib/active_record/connection_adapters/abstract/query_cache.rb:34:in `cache'
    /usr/lib/ruby/gems/1.8/gems/activerecord-2.3.2/lib/active_record/query_cache.rb:9:in `cache'
    /usr/lib/ruby/gems/1.8/gems/activerecord-2.3.2/lib/active_record/query_cache.rb:28:in `call'
    /usr/lib/ruby/gems/1.8/gems/activerecord-2.3.2/lib/active_record/connection_adapters/abstract/connection_pool.rb:361:in `call'
    /usr/lib/ruby/gems/1.8/gems/actionpack-2.3.2/lib/action_controller/vendor/rack-1.0/rack/head.rb:9:in `call'
    /usr/lib/ruby/gems/1.8/gems/actionpack-2.3.2/lib/action_controller/vendor/rack-1.0/rack/methodoverride.rb:24:in `call'
    /usr/lib/ruby/gems/1.8/gems/actionpack-2.3.2/lib/action_controller/params_parser.rb:15:in `call'
    /usr/lib/ruby/gems/1.8/gems/actionpack-2.3.2/lib/action_controller/rewindable_input.rb:25:in `call'
    /usr/lib/ruby/gems/1.8/gems/actionpack-2.3.2/lib/action_controller/session/cookie_store.rb:93:in `call'
    /usr/lib/ruby/gems/1.8/gems/actionpack-2.3.2/lib/action_controller/reloader.rb:9:in `call'
    /usr/lib/ruby/gems/1.8/gems/actionpack-2.3.2/lib/action_controller/failsafe.rb:11:in `call'
    /usr/lib/ruby/gems/1.8/gems/actionpack-2.3.2/lib/action_controller/vendor/rack-1.0/rack/lock.rb:11:in `call'
    /usr/lib/ruby/gems/1.8/gems/actionpack-2.3.2/lib/action_controller/vendor/rack-1.0/rack/lock.rb:11:in `synchronize'
    /usr/lib/ruby/gems/1.8/gems/actionpack-2.3.2/lib/action_controller/vendor/rack-1.0/rack/lock.rb:11:in `call'
    /usr/lib/ruby/gems/1.8/gems/actionpack-2.3.2/lib/action_controller/dispatcher.rb:106:in `call'
    /usr/lib/ruby/gems/1.8/gems/rails-2.3.2/lib/rails/rack/static.rb:31:in `call'
    /usr/lib/ruby/gems/1.8/gems/actionpack-2.3.2/lib/action_controller/vendor/rack-1.0/rack/urlmap.rb:46:in `call'
    /usr/lib/ruby/gems/1.8/gems/actionpack-2.3.2/lib/action_controller/vendor/rack-1.0/rack/urlmap.rb:40:in `each'
    /usr/lib/ruby/gems/1.8/gems/actionpack-2.3.2/lib/action_controller/vendor/rack-1.0/rack/urlmap.rb:40:in `call'
    /usr/lib/ruby/gems/1.8/gems/rails-2.3.2/lib/rails/rack/log_tailer.rb:17:in `call'
    /usr/lib/ruby/gems/1.8/gems/actionpack-2.3.2/lib/action_controller/vendor/rack-1.0/rack/content_length.rb:13:in `call'
    /usr/lib/ruby/gems/1.8/gems/actionpack-2.3.2/lib/action_controller/vendor/rack-1.0/rack/chunked.rb:15:in `call'
    /usr/lib/ruby/gems/1.8/gems/actionpack-2.3.2/lib/action_controller/vendor/rack-1.0/rack/handler/mongrel.rb:61:in `process'
    /usr/lib/ruby/gems/1.8/gems/mongrel-1.1.5/lib/mongrel.rb:159:in `process_client'
    /usr/lib/ruby/gems/1.8/gems/mongrel-1.1.5/lib/mongrel.rb:158:in `each'
    /usr/lib/ruby/gems/1.8/gems/mongrel-1.1.5/lib/mongrel.rb:158:in `process_client'
    /usr/lib/ruby/gems/1.8/gems/mongrel-1.1.5/lib/mongrel.rb:285:in `run'
    /usr/lib/ruby/gems/1.8/gems/mongrel-1.1.5/lib/mongrel.rb:285:in `initialize'
    /usr/lib/ruby/gems/1.8/gems/mongrel-1.1.5/lib/mongrel.rb:285:in `new'
    /usr/lib/ruby/gems/1.8/gems/mongrel-1.1.5/lib/mongrel.rb:285:in `run'
    /usr/lib/ruby/gems/1.8/gems/mongrel-1.1.5/lib/mongrel.rb:268:in `initialize'
    /usr/lib/ruby/gems/1.8/gems/mongrel-1.1.5/lib/mongrel.rb:268:in `new'
    /usr/lib/ruby/gems/1.8/gems/mongrel-1.1.5/lib/mongrel.rb:268:in `run'
    /usr/lib/ruby/gems/1.8/gems/actionpack-2.3.2/lib/action_controller/vendor/rack-1.0/rack/handler/mongrel.rb:34:in `run'
    /usr/lib/ruby/gems/1.8/gems/rails-2.3.2/lib/commands/server.rb:111
    /usr/local/lib/site_ruby/1.8/rubygems/custom_require.rb:31:in `gem_original_require'
    /usr/local/lib/site_ruby/1.8/rubygems/custom_require.rb:31:in `require'
    script/server:3
  [4;36;1mSQL (0.3ms)[0m   [0;1mSET client_min_messages TO 'panic'[0m
  [4;35;1mSQL (0.3ms)[0m   [0mSET client_min_messages TO 'notice'[0m
/!\ FAILSAFE /!\  Sat Nov 21 15:25:27 +0100 2009
  Status: 500 Internal Server Error
  Expected /home/kromms/NetBeansProjects/runr/app/helpers/training_units_helper.rb to define TrainingUnitsHelper
    /usr/lib/ruby/gems/1.8/gems/activesupport-2.3.2/lib/active_support/dependencies.rb:426:in `load_missing_constant'
    /usr/lib/ruby/gems/1.8/gems/activesupport-2.3.2/lib/active_support/dependencies.rb:80:in `const_missing'
    /usr/lib/ruby/gems/1.8/gems/activesupport-2.3.2/lib/active_support/dependencies.rb:92:in `const_missing'
    /usr/lib/ruby/gems/1.8/gems/activesupport-2.3.2/lib/active_support/inflector.rb:361:in `constantize'
    /usr/lib/ruby/gems/1.8/gems/activesupport-2.3.2/lib/active_support/inflector.rb:360:in `each'
    /usr/lib/ruby/gems/1.8/gems/activesupport-2.3.2/lib/active_support/inflector.rb:360:in `constantize'
    /usr/lib/ruby/gems/1.8/gems/activesupport-2.3.2/lib/active_support/core_ext/string/inflections.rb:162:in `constantize'
    /usr/lib/ruby/gems/1.8/gems/actionpack-2.3.2/lib/action_controller/helpers.rb:137:in `helper'
    /usr/lib/ruby/gems/1.8/gems/actionpack-2.3.2/lib/action_controller/helpers.rb:115:in `each'
    /usr/lib/ruby/gems/1.8/gems/actionpack-2.3.2/lib/action_controller/helpers.rb:115:in `helper'
    /usr/lib/ruby/gems/1.8/gems/actionpack-2.3.2/lib/action_controller/helpers.rb:120:in `helper'
    /usr/lib/ruby/gems/1.8/gems/actionpack-2.3.2/lib/action_controller/helpers.rb:115:in `each'
    /usr/lib/ruby/gems/1.8/gems/actionpack-2.3.2/lib/action_controller/helpers.rb:115:in `helper'
    /home/kromms/NetBeansProjects/runr/app/controllers/application_controller.rb:5
    /usr/lib/ruby/gems/1.8/gems/activesupport-2.3.2/lib/active_support/dependencies.rb:380:in `load_without_new_constant_marking'
    /usr/lib/ruby/gems/1.8/gems/activesupport-2.3.2/lib/active_support/dependencies.rb:380:in `load_file'
    /usr/lib/ruby/gems/1.8/gems/activesupport-2.3.2/lib/active_support/dependencies.rb:521:in `new_constants_in'
    /usr/lib/ruby/gems/1.8/gems/activesupport-2.3.2/lib/active_support/dependencies.rb:379:in `load_file'
    /usr/lib/ruby/gems/1.8/gems/activesupport-2.3.2/lib/active_support/dependencies.rb:259:in `require_or_load'
    /usr/lib/ruby/gems/1.8/gems/activesupport-2.3.2/lib/active_support/dependencies.rb:425:in `load_missing_constant'
    /usr/lib/ruby/gems/1.8/gems/activesupport-2.3.2/lib/active_support/dependencies.rb:80:in `const_missing'
    /usr/lib/ruby/gems/1.8/gems/activesupport-2.3.2/lib/active_support/dependencies.rb:92:in `const_missing'
    /usr/lib/ruby/gems/1.8/gems/actionpack-2.3.2/lib/action_controller/dispatcher.rb:90:in `dispatch'
    /usr/lib/ruby/gems/1.8/gems/actionpack-2.3.2/lib/action_controller/dispatcher.rb:111:in `_call'
    /usr/lib/ruby/gems/1.8/gems/actionpack-2.3.2/lib/action_controller/dispatcher.rb:82:in `initialize'
    /usr/lib/ruby/gems/1.8/gems/activerecord-2.3.2/lib/active_record/query_cache.rb:29:in `call'
    /usr/lib/ruby/gems/1.8/gems/activerecord-2.3.2/lib/active_record/query_cache.rb:29:in `call'
    /usr/lib/ruby/gems/1.8/gems/activerecord-2.3.2/lib/active_record/connection_adapters/abstract/query_cache.rb:34:in `cache'
    /usr/lib/ruby/gems/1.8/gems/activerecord-2.3.2/lib/active_record/query_cache.rb:9:in `cache'
    /usr/lib/ruby/gems/1.8/gems/activerecord-2.3.2/lib/active_record/query_cache.rb:28:in `call'
    /usr/lib/ruby/gems/1.8/gems/activerecord-2.3.2/lib/active_record/connection_adapters/abstract/connection_pool.rb:361:in `call'
    /usr/lib/ruby/gems/1.8/gems/actionpack-2.3.2/lib/action_controller/vendor/rack-1.0/rack/head.rb:9:in `call'
    /usr/lib/ruby/gems/1.8/gems/actionpack-2.3.2/lib/action_controller/vendor/rack-1.0/rack/methodoverride.rb:24:in `call'
    /usr/lib/ruby/gems/1.8/gems/actionpack-2.3.2/lib/action_controller/params_parser.rb:15:in `call'
    /usr/lib/ruby/gems/1.8/gems/actionpack-2.3.2/lib/action_controller/rewindable_input.rb:25:in `call'
    /usr/lib/ruby/gems/1.8/gems/actionpack-2.3.2/lib/action_controller/session/cookie_store.rb:93:in `call'
    /usr/lib/ruby/gems/1.8/gems/actionpack-2.3.2/lib/action_controller/reloader.rb:9:in `call'
    /usr/lib/ruby/gems/1.8/gems/actionpack-2.3.2/lib/action_controller/failsafe.rb:11:in `call'
    /usr/lib/ruby/gems/1.8/gems/actionpack-2.3.2/lib/action_controller/vendor/rack-1.0/rack/lock.rb:11:in `call'
    /usr/lib/ruby/gems/1.8/gems/actionpack-2.3.2/lib/action_controller/vendor/rack-1.0/rack/lock.rb:11:in `synchronize'
    /usr/lib/ruby/gems/1.8/gems/actionpack-2.3.2/lib/action_controller/vendor/rack-1.0/rack/lock.rb:11:in `call'
    /usr/lib/ruby/gems/1.8/gems/actionpack-2.3.2/lib/action_controller/dispatcher.rb:106:in `call'
    /usr/lib/ruby/gems/1.8/gems/rails-2.3.2/lib/rails/rack/static.rb:31:in `call'
    /usr/lib/ruby/gems/1.8/gems/actionpack-2.3.2/lib/action_controller/vendor/rack-1.0/rack/urlmap.rb:46:in `call'
    /usr/lib/ruby/gems/1.8/gems/actionpack-2.3.2/lib/action_controller/vendor/rack-1.0/rack/urlmap.rb:40:in `each'
    /usr/lib/ruby/gems/1.8/gems/actionpack-2.3.2/lib/action_controller/vendor/rack-1.0/rack/urlmap.rb:40:in `call'
    /usr/lib/ruby/gems/1.8/gems/rails-2.3.2/lib/rails/rack/log_tailer.rb:17:in `call'
    /usr/lib/ruby/gems/1.8/gems/actionpack-2.3.2/lib/action_controller/vendor/rack-1.0/rack/content_length.rb:13:in `call'
    /usr/lib/ruby/gems/1.8/gems/actionpack-2.3.2/lib/action_controller/vendor/rack-1.0/rack/chunked.rb:15:in `call'
    /usr/lib/ruby/gems/1.8/gems/actionpack-2.3.2/lib/action_controller/vendor/rack-1.0/rack/handler/mongrel.rb:61:in `process'
    /usr/lib/ruby/gems/1.8/gems/mongrel-1.1.5/lib/mongrel.rb:159:in `process_client'
    /usr/lib/ruby/gems/1.8/gems/mongrel-1.1.5/lib/mongrel.rb:158:in `each'
    /usr/lib/ruby/gems/1.8/gems/mongrel-1.1.5/lib/mongrel.rb:158:in `process_client'
    /usr/lib/ruby/gems/1.8/gems/mongrel-1.1.5/lib/mongrel.rb:285:in `run'
    /usr/lib/ruby/gems/1.8/gems/mongrel-1.1.5/lib/mongrel.rb:285:in `initialize'
    /usr/lib/ruby/gems/1.8/gems/mongrel-1.1.5/lib/mongrel.rb:285:in `new'
    /usr/lib/ruby/gems/1.8/gems/mongrel-1.1.5/lib/mongrel.rb:285:in `run'
    /usr/lib/ruby/gems/1.8/gems/mongrel-1.1.5/lib/mongrel.rb:268:in `initialize'
    /usr/lib/ruby/gems/1.8/gems/mongrel-1.1.5/lib/mongrel.rb:268:in `new'
    /usr/lib/ruby/gems/1.8/gems/mongrel-1.1.5/lib/mongrel.rb:268:in `run'
    /usr/lib/ruby/gems/1.8/gems/actionpack-2.3.2/lib/action_controller/vendor/rack-1.0/rack/handler/mongrel.rb:34:in `run'
    /usr/lib/ruby/gems/1.8/gems/rails-2.3.2/lib/commands/server.rb:111
    /usr/local/lib/site_ruby/1.8/rubygems/custom_require.rb:31:in `gem_original_require'
    /usr/local/lib/site_ruby/1.8/rubygems/custom_require.rb:31:in `require'
    script/server:3
  [4;36;1mSQL (0.3ms)[0m   [0;1mSET client_min_messages TO 'panic'[0m
  [4;35;1mSQL (0.3ms)[0m   [0mSET client_min_messages TO 'notice'[0m


Processing ApplicationController#index (for 127.0.0.1 at 2009-11-21 15:26:19) [GET]

ActionController::RoutingError (No route matches "/training_unit" with {:method=>:get}):
  

Rendering rescues/layout (not_found)
  [4;36;1mSQL (0.3ms)[0m   [0;1mSET client_min_messages TO 'panic'[0m
  [4;35;1mSQL (0.3ms)[0m   [0mSET client_min_messages TO 'notice'[0m


Processing TrainingUnitsController#index (for 127.0.0.1 at 2009-11-21 15:26:45) [GET]

NameError (uninitialized constant TrainingUnitsController::TrainigUnit):
  app/controllers/training_units_controller.rb:5:in `index'

Rendered rescues/_trace (95.7ms)
Rendered rescues/_request_and_response (1.5ms)
Rendering rescues/layout (internal_server_error)
  [4;36;1mSQL (0.7ms)[0m   [0;1mSET client_min_messages TO 'panic'[0m
  [4;35;1mSQL (0.3ms)[0m   [0mSET client_min_messages TO 'notice'[0m


Processing TrainingUnitsController#index (for 127.0.0.1 at 2009-11-21 15:27:49) [GET]
  [4;36;1mTrainingUnit Load (0.0ms)[0m   [0;1mRuntimeError: FEHLER	C42P01	MRelation »training_units« existiert nicht	P15	Fparse_relation.c	L886	RparserOpenTable: SELECT * FROM "training_units" [0m

ActiveRecord::StatementInvalid (RuntimeError: FEHLER	C42P01	MRelation »training_units« existiert nicht	P15	Fparse_relation.c	L886	RparserOpenTable: SELECT * FROM "training_units" ):
  app/controllers/training_units_controller.rb:5:in `index'

Rendered rescues/_trace (55.8ms)
Rendered rescues/_request_and_response (0.3ms)
Rendering rescues/layout (internal_server_error)
  [4;36;1mSQL (0.3ms)[0m   [0;1mSET client_min_messages TO 'panic'[0m
  [4;35;1mSQL (0.2ms)[0m   [0mSET client_min_messages TO 'notice'[0m


Processing TrainingUnitsController#index (for 127.0.0.1 at 2009-11-21 15:28:53) [GET]
  [4;36;1mTrainingUnit Load (2.1ms)[0m   [0;1mSELECT * FROM "training_units" [0m
Rendering training_units/index

ActionView::TemplateError (You have a nil object when you didn't expect it!
You might have expected an instance of Array.
The error occurred while evaluating nil.each) on line #14 of app/views/training_units/index.html.erb:
11:     <th>Route</th>
12:   </tr>
13: 
14: <% @trainig_units.each do |trainig_unit| %>
15:   <tr>
16:     <td><%=h trainig_unit.id %></td>
17:     <td><%=h trainig_unit.begin %></td>

    app/views/training_units/index.html.erb:14
    app/controllers/training_units_controller.rb:7:in `index'

Rendered rescues/_trace (110.5ms)
Rendered rescues/_request_and_response (1.5ms)
Rendering rescues/layout (internal_server_error)
  [4;35;1mSQL (0.7ms)[0m   [0mSET client_min_messages TO 'panic'[0m
  [4;36;1mSQL (0.5ms)[0m   [0;1mSET client_min_messages TO 'notice'[0m


Processing TrainingUnitsController#index (for 127.0.0.1 at 2009-11-21 15:29:14) [GET]
  [4;35;1mTrainingUnit Load (2.1ms)[0m   [0mSELECT * FROM "training_units" [0m
Rendering training_units/index
Completed in 13ms (View: 4, DB: 3) | 200 OK [http://localhost/training_units]
  [4;36;1mSQL (0.3ms)[0m   [0;1mSET client_min_messages TO 'panic'[0m
  [4;35;1mSQL (0.2ms)[0m   [0mSET client_min_messages TO 'notice'[0m


Processing TrainingUnitsController#index (for 127.0.0.1 at 2009-11-21 15:29:54) [GET]
  [4;36;1mTrainingUnit Load (2.0ms)[0m   [0;1mSELECT * FROM "training_units" [0m
Rendering training_units/index
Completed in 10ms (View: 1, DB: 3) | 200 OK [http://localhost/training_units]
  [4;35;1mSQL (0.3ms)[0m   [0mSET client_min_messages TO 'panic'[0m
  [4;36;1mSQL (0.2ms)[0m   [0;1mSET client_min_messages TO 'notice'[0m


Processing TrainingUnitsController#new (for 127.0.0.1 at 2009-11-21 15:29:56) [GET]
Rendering training_units/new
Completed in 210ms (View: 198, DB: 1) | 200 OK [http://localhost/training_units/new]
  [4;35;1mSQL (0.3ms)[0m   [0mSET client_min_messages TO 'panic'[0m
  [4;36;1mSQL (0.2ms)[0m   [0;1mSET client_min_messages TO 'notice'[0m


Processing TrainingUnitsController#create (for 127.0.0.1 at 2009-11-21 15:31:54) [POST]
  Parameters: {"training_unit"=>{"route"=>"", "duration_h"=>"", "begin(1i)"=>"2009", "begin(2i)"=>"11", "begin(3i)"=>"21", "begin(4i)"=>"14", "begin(5i)"=>"29", "id"=>"", "duration_m"=>"", "tempo"=>"", "distance"=>"dfdsafsdf"}, "commit"=>"Create", "authenticity_token"=>"rahyQ9+RcHWURcrr8zOhntDr5a/zrMtUGX46IXNbGZw="}

NameError (undefined local variable or method `trainingUnit' for #<TrainingUnitsController:0xb73c7744>):
  app/controllers/training_units_controller.rb:43:in `create'

Rendered rescues/_trace (46.8ms)
Rendered rescues/_request_and_response (0.5ms)
Rendering rescues/layout (internal_server_error)
  [4;35;1mSQL (0.3ms)[0m   [0mSET client_min_messages TO 'panic'[0m
  [4;36;1mSQL (0.3ms)[0m   [0;1mSET client_min_messages TO 'notice'[0m


Processing TrainingUnitsController#create (for 127.0.0.1 at 2009-11-21 15:33:02) [POST]
  Parameters: {"training_unit"=>{"route"=>"", "duration_h"=>"", "begin(1i)"=>"2009", "begin(2i)"=>"11", "begin(3i)"=>"21", "begin(4i)"=>"14", "begin(5i)"=>"29", "id"=>"", "duration_m"=>"", "tempo"=>"", "distance"=>"7,3"}, "commit"=>"Create", "authenticity_token"=>"rahyQ9+RcHWURcrr8zOhntDr5a/zrMtUGX46IXNbGZw="}

NameError (undefined local variable or method `trainingUnit' for #<TrainingUnitsController:0xb6c2dc90>):
  app/controllers/training_units_controller.rb:43:in `create'

Rendered rescues/_trace (44.6ms)
Rendered rescues/_request_and_response (0.6ms)
Rendering rescues/layout (internal_server_error)
  [4;35;1mSQL (0.3ms)[0m   [0mSET client_min_messages TO 'panic'[0m
  [4;36;1mSQL (0.3ms)[0m   [0;1mSET client_min_messages TO 'notice'[0m


Processing TrainingUnitsController#create (for 127.0.0.1 at 2009-11-21 15:33:09) [POST]
  Parameters: {"training_unit"=>{"route"=>"", "duration_h"=>"", "begin(1i)"=>"2009", "begin(2i)"=>"11", "begin(3i)"=>"21", "begin(4i)"=>"14", "begin(5i)"=>"29", "id"=>"", "duration_m"=>"", "tempo"=>"", "distance"=>"7.9"}, "commit"=>"Create", "authenticity_token"=>"rahyQ9+RcHWURcrr8zOhntDr5a/zrMtUGX46IXNbGZw="}

NameError (undefined local variable or method `trainingUnit' for #<TrainingUnitsController:0xb71f98f4>):
  app/controllers/training_units_controller.rb:43:in `create'

Rendered rescues/_trace (43.7ms)
Rendered rescues/_request_and_response (64.7ms)
Rendering rescues/layout (internal_server_error)
  [4;35;1mSQL (0.3ms)[0m   [0mSET client_min_messages TO 'panic'[0m
  [4;36;1mSQL (0.3ms)[0m   [0;1mSET client_min_messages TO 'notice'[0m


Processing TrainingUnitsController#create (for 127.0.0.1 at 2009-11-21 15:34:04) [POST]
  Parameters: {"training_unit"=>{"route"=>"", "duration_h"=>"", "begin(1i)"=>"2009", "begin(2i)"=>"11", "begin(3i)"=>"21", "begin(4i)"=>"14", "begin(5i)"=>"29", "id"=>"", "duration_m"=>"", "tempo"=>"", "distance"=>"7.9"}, "commit"=>"Create", "authenticity_token"=>"rahyQ9+RcHWURcrr8zOhntDr5a/zrMtUGX46IXNbGZw="}

NameError (undefined local variable or method `traininTrainingUnitgUnit' for #<TrainingUnitsController:0xb6d72ca4>):
  app/controllers/training_units_controller.rb:43:in `create'

Rendered rescues/_trace (47.5ms)
Rendered rescues/_request_and_response (0.6ms)
Rendering rescues/layout (internal_server_error)
  [4;35;1mSQL (0.5ms)[0m   [0mSET client_min_messages TO 'panic'[0m
  [4;36;1mSQL (0.3ms)[0m   [0;1mSET client_min_messages TO 'notice'[0m


Processing TrainingUnitsController#create (for 127.0.0.1 at 2009-11-21 15:34:42) [POST]
  Parameters: {"training_unit"=>{"route"=>"", "duration_h"=>"", "begin(1i)"=>"2009", "begin(2i)"=>"11", "begin(3i)"=>"21", "begin(4i)"=>"14", "begin(5i)"=>"29", "id"=>"", "duration_m"=>"", "tempo"=>"", "distance"=>"7.9"}, "commit"=>"Create", "authenticity_token"=>"rahyQ9+RcHWURcrr8zOhntDr5a/zrMtUGX46IXNbGZw="}
WARNING: Can't mass-assign these protected attributes: id
  [4;35;1mSQL (0.4ms)[0m   [0mBEGIN[0m
  [4;36;1mSQL (16.5ms)[0m   [0;1mINSERT INTO "training_units" ("begin", "duration_h", "route", "created_at", "updated_at", "duration_m", "tempo", "distance") VALUES('2009-11-21 14:29:00.000000', NULL, E'', '2009-11-21 14:34:42.509872', '2009-11-21 14:34:42.509872', NULL, NULL, 7.9) RETURNING "id"[0m
  [4;35;1mSQL (1.6ms)[0m   [0mCOMMIT[0m
Redirected to http://localhost:3000/training_units/1
Completed in 78ms (DB: 19) | 302 Found [http://localhost/training_units]
  [4;36;1mSQL (0.3ms)[0m   [0;1mSET client_min_messages TO 'panic'[0m
  [4;35;1mSQL (0.2ms)[0m   [0mSET client_min_messages TO 'notice'[0m


Processing TrainingUnitsController#show (for 127.0.0.1 at 2009-11-21 15:34:42) [GET]
  Parameters: {"id"=>"1"}
  [4;36;1mTrainingUnit Load (1.9ms)[0m   [0;1mSELECT * FROM "training_units" WHERE ("training_units"."id" = 1) [0m
Rendering training_units/show
Completed in 23ms (View: 6, DB: 2) | 200 OK [http://localhost/training_units/1]
  [4;35;1mSQL (0.3ms)[0m   [0mSET client_min_messages TO 'panic'[0m
  [4;36;1mSQL (0.2ms)[0m   [0;1mSET client_min_messages TO 'notice'[0m


Processing TrainingUnitsController#edit (for 127.0.0.1 at 2009-11-21 15:34:47) [GET]
  Parameters: {"id"=>"1"}
  [4;35;1mTrainingUnit Load (1.7ms)[0m   [0mSELECT * FROM "training_units" WHERE ("training_units"."id" = 1) [0m
Rendering training_units/edit
Completed in 31ms (View: 17, DB: 2) | 200 OK [http://localhost/training_units/1/edit]
  [4;36;1mSQL (0.5ms)[0m   [0;1mSET client_min_messages TO 'panic'[0m
  [4;35;1mSQL (0.5ms)[0m   [0mSET client_min_messages TO 'notice'[0m


Processing TrainingUnitsController#update (for 127.0.0.1 at 2009-11-21 15:34:51) [PUT]
  Parameters: {"training_unit"=>{"route"=>"", "duration_h"=>"", "begin(1i)"=>"2000", "begin(2i)"=>"1", "begin(3i)"=>"1", "begin(4i)"=>"14", "begin(5i)"=>"29", "id"=>"1", "duration_m"=>"", "tempo"=>"", "distance"=>"fdsfsaf"}, "commit"=>"Update", "authenticity_token"=>"rahyQ9+RcHWURcrr8zOhntDr5a/zrMtUGX46IXNbGZw=", "id"=>"1"}
  [4;36;1mTrainingUnit Load (1.9ms)[0m   [0;1mSELECT * FROM "training_units" WHERE ("training_units"."id" = 1) [0m
WARNING: Can't mass-assign these protected attributes: id
  [4;35;1mSQL (0.3ms)[0m   [0mBEGIN[0m
  [4;36;1mTrainingUnit Update (0.7ms)[0m   [0;1mUPDATE "training_units" SET "distance" = 0.0, "updated_at" = '2009-11-21 14:34:51.115210' WHERE "id" = 1[0m
  [4;35;1mSQL (0.9ms)[0m   [0mCOMMIT[0m
Redirected to http://localhost:3000/training_units/1
Completed in 22ms (DB: 5) | 302 Found [http://localhost/training_units/1]
  [4;36;1mSQL (0.5ms)[0m   [0;1mSET client_min_messages TO 'panic'[0m
  [4;35;1mSQL (0.3ms)[0m   [0mSET client_min_messages TO 'notice'[0m


Processing TrainingUnitsController#show (for 127.0.0.1 at 2009-11-21 15:34:51) [GET]
  Parameters: {"id"=>"1"}
  [4;36;1mTrainingUnit Load (1.8ms)[0m   [0;1mSELECT * FROM "training_units" WHERE ("training_units"."id" = 1) [0m
Rendering training_units/show
Completed in 18ms (View: 3, DB: 3) | 200 OK [http://localhost/training_units/1]
  [4;35;1mSQL (0.3ms)[0m   [0mSET client_min_messages TO 'panic'[0m
  [4;36;1mSQL (0.2ms)[0m   [0;1mSET client_min_messages TO 'notice'[0m


Processing TrainingUnitsController#index (for 127.0.0.1 at 2009-11-21 15:34:54) [GET]
  [4;35;1mTrainingUnit Load (2.4ms)[0m   [0mSELECT * FROM "training_units" [0m
Rendering training_units/index
Completed in 19ms (View: 10, DB: 3) | 200 OK [http://localhost/training_units]
  [4;36;1mSQL (12.2ms)[0m   [0;1mSET client_min_messages TO 'panic'[0m
  [4;35;1mSQL (0.2ms)[0m   [0mSET client_min_messages TO 'notice'[0m
  [4;36;1mSQL (2.4ms)[0m   [0;1mSELECT version FROM schema_migrations[0m
Migrating to CreateTrainigUnits (20091121141921)
Migrating to CreateDailyValues (20091121143926)
  [4;35;1mSQL (0.8ms)[0m   [0mBEGIN[0m
  [4;36;1mSQL (469.8ms)[0m   [0;1mCREATE TABLE "daily_values" ("id" serial primary key, "day_time" time, "weight" decimal, "created_at" timestamp, "updated_at" timestamp) [0m
  [4;35;1mSQL (1.6ms)[0m   [0mINSERT INTO schema_migrations (version) VALUES ('20091121143926')[0m
  [4;36;1mSQL (1.3ms)[0m   [0;1mCOMMIT[0m
Migrating to CreatePeople (20091121144124)
  [4;35;1mSQL (1.2ms)[0m   [0mBEGIN[0m
  [4;36;1mSQL (160.6ms)[0m   [0;1mCREATE TABLE "people" ("id" serial primary key, "name" text, "firstname" text, "day_of_birth" date, "height" decimal, "alias" text, "created_at" timestamp, "updated_at" timestamp) [0m
  [4;35;1mSQL (0.5ms)[0m   [0mINSERT INTO schema_migrations (version) VALUES ('20091121144124')[0m
  [4;36;1mSQL (20.5ms)[0m   [0;1mCOMMIT[0m
Migrating to CreateRoutes (20091121144316)
  [4;35;1mSQL (0.6ms)[0m   [0mBEGIN[0m
  [4;36;1mSQL (109.0ms)[0m   [0;1mCREATE TABLE "routes" ("id" serial primary key, "name" text, "description" text, "gpsies_id" text, "created_at" timestamp, "updated_at" timestamp) [0m
  [4;35;1mSQL (0.7ms)[0m   [0mINSERT INTO schema_migrations (version) VALUES ('20091121144316')[0m
  [4;36;1mSQL (0.8ms)[0m   [0;1mCOMMIT[0m
  [4;35;1mSQL (0.8ms)[0m   [0mSELECT version FROM schema_migrations[0m
